[35m[1mScanning dependencies of target _node_example_generate_messages_check_deps_NodeExampleData[0m
[35m[1mScanning dependencies of target std_msgs_generate_messages_cpp[0m
[  0%] Built target std_msgs_generate_messages_cpp
[35m[1mScanning dependencies of target node_example_gencfg[0m
[  7%] [34m[1mGenerating dynamic reconfigure files from cfg/nodeExample.cfg: /home/maslab/Code/team1/catkin_ws/devel/.private/node_example/include/node_example/nodeExampleConfig.h /home/maslab/Code/team1/catkin_ws/devel/.private/node_example/lib/python2.7/dist-packages/node_example/cfg/nodeExampleConfig.py[0m
[  7%] Built target _node_example_generate_messages_check_deps_NodeExampleData
[35m[1mScanning dependencies of target std_msgs_generate_messages_py[0m
[  7%] Built target std_msgs_generate_messages_py
[35m[1mScanning dependencies of target std_msgs_generate_messages_lisp[0m
[  7%] Built target std_msgs_generate_messages_lisp
[35m[1mScanning dependencies of target std_msgs_generate_messages_eus[0m
[  7%] Built target std_msgs_generate_messages_eus
[35m[1mScanning dependencies of target std_msgs_generate_messages_nodejs[0m
[  7%] Built target std_msgs_generate_messages_nodejs
[35m[1mScanning dependencies of target node_example_generate_messages_cpp[0m
[ 14%] [34m[1mGenerating C++ code from node_example/NodeExampleData.msg[0m
[ 14%] Built target node_example_generate_messages_cpp
[35m[1mScanning dependencies of target node_example_generate_messages_py[0m
[ 21%] [34m[1mGenerating Python from MSG node_example/NodeExampleData[0m
[ 28%] [34m[1mGenerating Python msg __init__.py for node_example[0m
[ 28%] Built target node_example_generate_messages_py
Generating reconfiguration files for nodeExample in node_example
[35m[1mScanning dependencies of target node_example_generate_messages_lisp[0m
Wrote header file in /home/maslab/Code/team1/catkin_ws/devel/.private/node_example/include/node_example/nodeExampleConfig.h
[ 35%] [34m[1mGenerating Lisp code from node_example/NodeExampleData.msg[0m
[ 35%] Built target node_example_generate_messages_lisp
[35m[1mScanning dependencies of target node_example_generate_messages_eus[0m
[ 35%] Built target node_example_gencfg
[35m[1mScanning dependencies of target node_example_generate_messages_nodejs[0m
[ 42%] [34m[1mGenerating EusLisp code from node_example/NodeExampleData.msg[0m
[ 50%] [34m[1mGenerating Javascript code from node_example/NodeExampleData.msg[0m
[ 57%] [34m[1mGenerating EusLisp manifest code for node_example[0m
[ 57%] Built target node_example_generate_messages_nodejs
[35m[1mScanning dependencies of target listener[0m
[ 64%] [32mBuilding CXX object CMakeFiles/listener.dir/src/listener.cpp.o[0m
[ 64%] Built target node_example_generate_messages_eus
[ 71%] [32mBuilding CXX object CMakeFiles/listener.dir/src/nodes/listener_node.cpp.o[0m
[35m[1mScanning dependencies of target talker[0m
[ 78%] [32mBuilding CXX object CMakeFiles/talker.dir/src/nodes/talker_node.cpp.o[0m
[ 85%] [32m[1mLinking CXX executable /home/maslab/Code/team1/catkin_ws/devel/.private/node_example/lib/node_example/listener[0m
[ 85%] Built target listener
[ 92%] [32mBuilding CXX object CMakeFiles/talker.dir/src/talker.cpp.o[0m
[35m[1mScanning dependencies of target node_example_generate_messages[0m
[ 92%] Built target node_example_generate_messages
[100%] [32m[1mLinking CXX executable /home/maslab/Code/team1/catkin_ws/devel/.private/node_example/lib/node_example/talker[0m
[100%] Built target talker
