Symlinking /home/maslab/Code/team1/catkin_ws/devel/include/node_example/NodeExampleData.h
Symlinking /home/maslab/Code/team1/catkin_ws/devel/include/node_example/nodeExampleConfig.h
Symlinking /home/maslab/Code/team1/catkin_ws/devel/lib/node_example/listener
Symlinking /home/maslab/Code/team1/catkin_ws/devel/lib/node_example/talker
Symlinking /home/maslab/Code/team1/catkin_ws/devel/lib/python2.7/dist-packages/node_example/__init__.py
Symlinking /home/maslab/Code/team1/catkin_ws/devel/lib/python2.7/dist-packages/node_example/msg/_NodeExampleData.py
Symlinking /home/maslab/Code/team1/catkin_ws/devel/lib/python2.7/dist-packages/node_example/msg/__init__.py
Symlinking /home/maslab/Code/team1/catkin_ws/devel/lib/python2.7/dist-packages/node_example/cfg/nodeExampleConfig.py
Symlinking /home/maslab/Code/team1/catkin_ws/devel/lib/python2.7/dist-packages/node_example/cfg/__init__.py
Symlinking /home/maslab/Code/team1/catkin_ws/devel/lib/pkgconfig/node_example.pc
Symlinking /home/maslab/Code/team1/catkin_ws/devel/share/gennodejs/ros/node_example/base_deserialize.js
Symlinking /home/maslab/Code/team1/catkin_ws/devel/share/gennodejs/ros/node_example/_index.js
Symlinking /home/maslab/Code/team1/catkin_ws/devel/share/gennodejs/ros/node_example/base_serialize.js
Symlinking /home/maslab/Code/team1/catkin_ws/devel/share/gennodejs/ros/node_example/find.js
Symlinking /home/maslab/Code/team1/catkin_ws/devel/share/gennodejs/ros/node_example/msg/_index.js
Symlinking /home/maslab/Code/team1/catkin_ws/devel/share/gennodejs/ros/node_example/msg/NodeExampleData.js
Symlinking /home/maslab/Code/team1/catkin_ws/devel/share/node_example/docs/nodeExampleConfig.dox
Symlinking /home/maslab/Code/team1/catkin_ws/devel/share/node_example/docs/nodeExampleConfig-usage.dox
Symlinking /home/maslab/Code/team1/catkin_ws/devel/share/node_example/docs/nodeExampleConfig.wikidoc
Symlinking /home/maslab/Code/team1/catkin_ws/devel/share/node_example/cmake/node_exampleConfig-version.cmake
Symlinking /home/maslab/Code/team1/catkin_ws/devel/share/node_example/cmake/node_example-msg-paths.cmake
Symlinking /home/maslab/Code/team1/catkin_ws/devel/share/node_example/cmake/node_example-msg-extras.cmake
Symlinking /home/maslab/Code/team1/catkin_ws/devel/share/node_example/cmake/node_exampleConfig.cmake
Symlinking /home/maslab/Code/team1/catkin_ws/devel/share/common-lisp/ros/node_example/msg/_package_NodeExampleData.lisp
Symlinking /home/maslab/Code/team1/catkin_ws/devel/share/common-lisp/ros/node_example/msg/node_example-msg.asd
Symlinking /home/maslab/Code/team1/catkin_ws/devel/share/common-lisp/ros/node_example/msg/NodeExampleData.lisp
Symlinking /home/maslab/Code/team1/catkin_ws/devel/share/common-lisp/ros/node_example/msg/_package.lisp
Symlinking /home/maslab/Code/team1/catkin_ws/devel/share/roseus/ros/node_example/manifest.l
Symlinking /home/maslab/Code/team1/catkin_ws/devel/share/roseus/ros/node_example/msg/NodeExampleData.l
